gcc -O2 -Wall -levent -lbluetooth -ljansson -o fplugstatd main.c fplug_device.c config.c
main.c:26:2: error: unknown type name ‘fplug_devicies_t’
main.c:27:2: error: unknown type name ‘config_t’
main.c: In function ‘usage’:
main.c:54:1: error: expected ‘=’, ‘,’, ‘;’, ‘asm’ or ‘__attribute__’ before ‘{’ token
main.c:130:1: error: expected ‘=’, ‘,’, ‘;’, ‘asm’ or ‘__attribute__’ before ‘{’ token
main.c:143:6: error: unknown type name ‘fplugstatd’
main.c:173:1: error: expected ‘=’, ‘,’, ‘;’, ‘asm’ or ‘__attribute__’ before ‘{’ token
main.c:187:1: error: expected ‘=’, ‘,’, ‘;’, ‘asm’ or ‘__attribute__’ before ‘{’ token
main.c:193:1: error: expected ‘{’ at end of input
main.c: At top level:
main.c:39:1: warning: ‘initialize_fplugstatd’ declared ‘static’ but never defined [-Wunused-function]
main.c:42:1: warning: ‘parse_command_arguments’ declared ‘static’ but never defined [-Wunused-function]
main.c:47:1: warning: ‘usage’ defined but not used [-Wunused-function]
In file included from fplug_device.c:2:0:
fplug_device.h:8:28: error: field ‘saddr’ has incomplete type
fplug_device.c: In function ‘initialize_fplug_devicies’:
fplug_device.c:8:14: error: ‘i’ undeclared (first use in this function)
fplug_device.c:8:14: note: each undeclared identifier is reported only once for each function it appears in
fplug_device.c: In function ‘connect_bluetooth’:
fplug_device.c:17:9: warning: implicit declaration of function ‘socket’ [-Wimplicit-function-declaration]
fplug_device.c:17:35: error: ‘AF_BLUETOOTH’ undeclared (first use in this function)
fplug_device.c:17:49: error: ‘SOCK_STREAM’ undeclared (first use in this function)
fplug_device.c:17:62: error: ‘BTPROTO_RFCOMM’ undeclared (first use in this function)
fplug_device.c:19:43: error: ‘uint8_t’ undeclared (first use in this function)
fplug_device.c:19:51: error: expected ‘;’ before numeric constant
fplug_device.c:20:9: warning: implicit declaration of function ‘str2ba’ [-Wimplicit-function-declaration]
fplug_device.c:21:9: warning: implicit declaration of function ‘connect’ [-Wimplicit-function-declaration]
fplug_device.c:22:17: warning: implicit declaration of function ‘fprintf’ [-Wimplicit-function-declaration]
fplug_device.c:22:17: warning: incompatible implicit declaration of built-in function ‘fprintf’ [enabled by default]
fplug_device.c:22:25: error: ‘stderr’ undeclared (first use in this function)
fplug_device.c:22:78: error: ‘errno’ undeclared (first use in this function)
fplug_device.c:31:17: warning: implicit declaration of function ‘close’ [-Wimplicit-function-declaration]
config.c:1:10: error: expected ‘=’, ‘,’, ‘;’, ‘asm’ or ‘__attribute__’ before ‘<’ token
In file included from config.c:2:0:
/usr/include/stdlib.h:140:1: error: unknown type name ‘size_t’
In file included from config.c:2:0:
/usr/include/stdlib.h:337:4: error: unknown type name ‘size_t’
/usr/include/stdlib.h:367:4: error: unknown type name ‘size_t’
/usr/include/stdlib.h:471:22: error: unknown type name ‘size_t’
/usr/include/stdlib.h:473:22: error: unknown type name ‘size_t’
/usr/include/stdlib.h:473:38: error: unknown type name ‘size_t’
/usr/include/stdlib.h:485:36: error: unknown type name ‘size_t’
In file included from /usr/include/stdlib.h:497:0,
                 from config.c:2:
/usr/include/alloca.h:33:22: error: unknown type name ‘size_t’
In file included from config.c:2:0:
/usr/include/stdlib.h:503:22: error: unknown type name ‘size_t’
/usr/include/stdlib.h:508:45: error: unknown type name ‘size_t’
/usr/include/stdlib.h:508:65: error: unknown type name ‘size_t’
/usr/include/stdlib.h:756:9: error: unknown type name ‘size_t’
/usr/include/stdlib.h:756:25: error: unknown type name ‘size_t’
/usr/include/stdlib.h:761:34: error: unknown type name ‘size_t’
/usr/include/stdlib.h:761:50: error: unknown type name ‘size_t’
/usr/include/stdlib.h:840:6: error: unknown type name ‘size_t’
/usr/include/stdlib.h:843:6: error: unknown type name ‘size_t’
/usr/include/stdlib.h:847:31: error: unknown type name ‘size_t’
/usr/include/stdlib.h:851:31: error: unknown type name ‘size_t’
/usr/include/stdlib.h:860:38: error: unknown type name ‘size_t’
/usr/include/stdlib.h:864:36: error: unknown type name ‘size_t’
/usr/include/stdlib.h:871:1: error: unknown type name ‘size_t’
/usr/include/stdlib.h:872:34: error: unknown type name ‘size_t’
/usr/include/stdlib.h:874:1: error: unknown type name ‘size_t’
/usr/include/stdlib.h:875:40: error: unknown type name ‘size_t’
In file included from config.c:4:0:
/usr/include/string.h:45:40: error: unknown type name ‘size_t’
/usr/include/string.h:49:58: error: unknown type name ‘size_t’
/usr/include/string.h:58:18: error: unknown type name ‘size_t’
/usr/include/string.h:65:42: error: unknown type name ‘size_t’
/usr/include/string.h:68:60: error: unknown type name ‘size_t’
/usr/include/string.h:95:50: error: unknown type name ‘size_t’
/usr/include/string.h:132:41: error: unknown type name ‘size_t’
/usr/include/string.h:140:9: error: unknown type name ‘size_t’
/usr/include/string.h:146:61: error: unknown type name ‘size_t’
/usr/include/string.h:153:1: error: unknown type name ‘size_t’
/usr/include/string.h:154:42: error: unknown type name ‘size_t’
In file included from config.c:4:0:
/usr/include/string.h:168:1: error: unknown type name ‘size_t’
/usr/include/string.h:168:61: error: unknown type name ‘size_t’
/usr/include/string.h:183:47: error: unknown type name ‘size_t’
/usr/include/string.h:284:1: error: unknown type name ‘size_t’
/usr/include/string.h:288:1: error: unknown type name ‘size_t’
/usr/include/string.h:399:1: error: unknown type name ‘size_t’
/usr/include/string.h:406:1: error: unknown type name ‘size_t’
/usr/include/string.h:406:48: error: unknown type name ‘size_t’
/usr/include/string.h:427:12: error: unknown type name ‘size_t’
/usr/include/string.h:451:33: error: unknown type name ‘size_t’
/usr/include/string.h:455:55: error: unknown type name ‘size_t’
/usr/include/string.h:459:31: error: unknown type name ‘size_t’
/usr/include/string.h:462:58: error: unknown type name ‘size_t’
/usr/include/string.h:540:65: error: unknown type name ‘size_t’
/usr/include/string.h:577:36: error: unknown type name ‘size_t’
/usr/include/string.h:580:41: error: unknown type name ‘size_t’
In file included from /usr/include/string.h:637:0,
                 from config.c:4:
/usr/include/arm-linux-gnueabihf/bits/string2.h:969:1: error: unknown type name ‘size_t’
/usr/include/arm-linux-gnueabihf/bits/string2.h:971:1: error: unknown type name ‘size_t’
/usr/include/arm-linux-gnueabihf/bits/string2.h: In function ‘__strcspn_c1’:
/usr/include/arm-linux-gnueabihf/bits/string2.h:973:3: error: unknown type name ‘size_t’
/usr/include/arm-linux-gnueabihf/bits/string2.h: At top level:
/usr/include/arm-linux-gnueabihf/bits/string2.h:979:1: error: unknown type name ‘size_t’
/usr/include/arm-linux-gnueabihf/bits/string2.h:982:1: error: unknown type name ‘size_t’
/usr/include/arm-linux-gnueabihf/bits/string2.h: In function ‘__strcspn_c2’:
/usr/include/arm-linux-gnueabihf/bits/string2.h:984:3: error: unknown type name ‘size_t’
/usr/include/arm-linux-gnueabihf/bits/string2.h: At top level:
/usr/include/arm-linux-gnueabihf/bits/string2.h:991:1: error: unknown type name ‘size_t’
/usr/include/arm-linux-gnueabihf/bits/string2.h:994:1: error: unknown type name ‘size_t’
/usr/include/arm-linux-gnueabihf/bits/string2.h: In function ‘__strcspn_c3’:
/usr/include/arm-linux-gnueabihf/bits/string2.h:997:3: error: unknown type name ‘size_t’
/usr/include/arm-linux-gnueabihf/bits/string2.h: At top level:
/usr/include/arm-linux-gnueabihf/bits/string2.h:1045:1: error: unknown type name ‘size_t’
/usr/include/arm-linux-gnueabihf/bits/string2.h:1047:1: error: unknown type name ‘size_t’
/usr/include/arm-linux-gnueabihf/bits/string2.h: In function ‘__strspn_c1’:
/usr/include/arm-linux-gnueabihf/bits/string2.h:1049:3: error: unknown type name ‘size_t’
/usr/include/arm-linux-gnueabihf/bits/string2.h: At top level:
/usr/include/arm-linux-gnueabihf/bits/string2.h:1056:1: error: unknown type name ‘size_t’
/usr/include/arm-linux-gnueabihf/bits/string2.h:1059:1: error: unknown type name ‘size_t’
/usr/include/arm-linux-gnueabihf/bits/string2.h: In function ‘__strspn_c2’:
/usr/include/arm-linux-gnueabihf/bits/string2.h:1061:3: error: unknown type name ‘size_t’
/usr/include/arm-linux-gnueabihf/bits/string2.h: At top level:
/usr/include/arm-linux-gnueabihf/bits/string2.h:1068:1: error: unknown type name ‘size_t’
/usr/include/arm-linux-gnueabihf/bits/string2.h:1071:1: error: unknown type name ‘size_t’
/usr/include/arm-linux-gnueabihf/bits/string2.h: In function ‘__strspn_c3’:
/usr/include/arm-linux-gnueabihf/bits/string2.h:1073:3: error: unknown type name ‘size_t’
/usr/include/arm-linux-gnueabihf/bits/string2.h: In function ‘__strpbrk_c2’:
/usr/include/arm-linux-gnueabihf/bits/string2.h:1129:42: error: ‘size_t’ undeclared (first use in this function)
/usr/include/arm-linux-gnueabihf/bits/string2.h:1129:42: note: each undeclared identifier is reported only once for each function it appears in
/usr/include/arm-linux-gnueabihf/bits/string2.h:1129:50: error: expected ‘;’ before ‘__s’
/usr/include/arm-linux-gnueabihf/bits/string2.h: In function ‘__strpbrk_c3’:
/usr/include/arm-linux-gnueabihf/bits/string2.h:1142:42: error: ‘size_t’ undeclared (first use in this function)
/usr/include/arm-linux-gnueabihf/bits/string2.h:1142:50: error: expected ‘;’ before ‘__s’
/usr/include/arm-linux-gnueabihf/bits/string2.h: At top level:
/usr/include/arm-linux-gnueabihf/bits/string2.h:1322:49: error: unknown type name ‘size_t’
In file included from /usr/include/arm-linux-gnueabihf/sys/uio.h:29:0,
                 from /usr/include/arm-linux-gnueabihf/sys/socket.h:28,
                 from config.c:8:
/usr/include/arm-linux-gnueabihf/bits/uio.h:47:5: error: unknown type name ‘size_t’
In file included from /usr/include/arm-linux-gnueabihf/sys/socket.h:40:0,
                 from config.c:8:
/usr/include/arm-linux-gnueabihf/bits/socket.h:257:5: error: unknown type name ‘size_t’
/usr/include/arm-linux-gnueabihf/bits/socket.h:260:5: error: unknown type name ‘size_t’
/usr/include/arm-linux-gnueabihf/bits/socket.h:280:5: error: unknown type name ‘size_t’
/usr/include/arm-linux-gnueabihf/bits/socket.h: In function ‘__cmsg_nxthdr’:
/usr/include/arm-linux-gnueabihf/bits/socket.h:317:8: error: ‘size_t’ undeclared (first use in this function)
/usr/include/arm-linux-gnueabihf/bits/socket.h:317:16: error: expected ‘)’ before ‘__cmsg’
/usr/include/arm-linux-gnueabihf/bits/socket.h:322:13: error: expected ‘)’ before ‘~’ token
/usr/include/arm-linux-gnueabihf/bits/socket.h:325:38: error: expected ‘)’ before ‘~’ token
In file included from config.c:8:0:
/usr/include/arm-linux-gnueabihf/sys/socket.h: At top level:
/usr/include/arm-linux-gnueabihf/sys/socket.h:141:53: error: unknown type name ‘size_t’
/usr/include/arm-linux-gnueabihf/sys/socket.h:148:45: error: unknown type name ‘size_t’
/usr/include/arm-linux-gnueabihf/sys/socket.h:155:55: error: unknown type name ‘size_t’
/usr/include/arm-linux-gnueabihf/sys/socket.h:166:60: error: unknown type name ‘size_t’
In file included from /usr/include/netdb.h:33:0,
                 from config.c:9:
/usr/include/rpc/netdb.h:61:23: error: unknown type name ‘size_t’
/usr/include/rpc/netdb.h:65:25: error: unknown type name ‘size_t’
/usr/include/rpc/netdb.h:69:4: error: unknown type name ‘size_t’
In file included from config.c:9:0:
/usr/include/netdb.h:169:29: error: unknown type name ‘size_t’
/usr/include/netdb.h:176:32: error: unknown type name ‘size_t’
/usr/include/netdb.h:182:32: error: unknown type name ‘size_t’
/usr/include/netdb.h:188:33: error: unknown type name ‘size_t’
/usr/include/netdb.h:239:28: error: unknown type name ‘size_t’
/usr/include/netdb.h:245:31: error: unknown type name ‘size_t’
/usr/include/netdb.h:251:31: error: unknown type name ‘size_t’
/usr/include/netdb.h:311:29: error: unknown type name ‘size_t’
/usr/include/netdb.h:317:32: error: unknown type name ‘size_t’
/usr/include/netdb.h:322:32: error: unknown type name ‘size_t’
/usr/include/netdb.h:377:30: error: unknown type name ‘size_t’
/usr/include/netdb.h:382:33: error: unknown type name ‘size_t’
/usr/include/netdb.h:387:35: error: unknown type name ‘size_t’
/usr/include/netdb.h:437:33: error: unknown type name ‘size_t’
In file included from config.c:12:0:
string_util.h:6:1: error: unknown type name ‘size_t’
string_util.h:10:5: error: unknown type name ‘size_t’
string_util.h:15:1: error: unknown type name ‘size_t’
string_util.h:19:5: error: unknown type name ‘size_t’
string_util.h:29:20: error: ‘NCARGS’ undeclared here (not in a function)
In file included from config.c:13:0:
config.h:43:5: error: unknown type name ‘size_t’
config.h:141:5: error: unknown type name ‘size_t’
config.h:154:5: error: unknown type name ‘size_t’
config.c: In function ‘find_config_section’:
config.c:44:2: warning: implicit declaration of function ‘fprintf’ [-Wimplicit-function-declaration]
config.c:44:2: warning: incompatible implicit declaration of built-in function ‘fprintf’ [enabled by default]
config.c:44:2: error: ‘stderr’ undeclared (first use in this function)
config.c:45:2: warning: incompatible implicit declaration of built-in function ‘fprintf’ [enabled by default]
config.c:47:7: error: unknown type name ‘size_t’
config.c:47:7: error: ‘size_t’ undeclared (first use in this function)
config.c:47:7: error: expected expression before ‘const’
config.c:47:7: error: expected expression before ‘const’
config.c:47:7: error: expected expression before ‘const’
config.c:47:7: error: expected expression before ‘const’
config.c:47:7: error: expected expression before ‘const’
config.c:47:7: error: expected expression before ‘const’
config.c:47:7: error: expected expression before ‘const’
config.c:47:7: error: expected expression before ‘const’
config.c:47:7: error: expected expression before ‘const’
config.c:47:7: error: expected expression before ‘const’
config.c:47:7: error: expected expression before ‘const’
config.c:47:7: error: expected expression before ‘const’
config.c: In function ‘find_config_param_from_config_section’:
config.c:62:2: warning: incompatible implicit declaration of built-in function ‘fprintf’ [enabled by default]
config.c:62:2: error: ‘stderr’ undeclared (first use in this function)
config.c:63:2: warning: incompatible implicit declaration of built-in function ‘fprintf’ [enabled by default]
config.c:65:7: error: unknown type name ‘size_t’
config.c:65:7: error: ‘size_t’ undeclared (first use in this function)
config.c:65:7: error: expected expression before ‘const’
config.c:65:7: error: expected expression before ‘const’
config.c:65:7: error: expected expression before ‘const’
config.c:65:7: error: expected expression before ‘const’
config.c:65:7: error: expected expression before ‘const’
config.c:65:7: error: expected expression before ‘const’
config.c:65:7: error: expected expression before ‘const’
config.c:65:7: error: expected expression before ‘const’
config.c:65:7: error: expected expression before ‘const’
config.c:65:7: error: expected expression before ‘const’
config.c:65:7: error: expected expression before ‘const’
config.c:65:7: error: expected expression before ‘const’
config.c: In function ‘find_config_param’:
config.c:82:2: warning: incompatible implicit declaration of built-in function ‘fprintf’ [enabled by default]
config.c:82:2: error: ‘stderr’ undeclared (first use in this function)
config.c:83:2: warning: incompatible implicit declaration of built-in function ‘fprintf’ [enabled by default]
config.c: In function ‘config_clear’:
config.c:103:2: warning: incompatible implicit declaration of built-in function ‘fprintf’ [enabled by default]
config.c:103:2: error: ‘stderr’ undeclared (first use in this function)
config.c: At top level:
config.c:126:5: error: unknown type name ‘FILE’
config.c: In function ‘config_create’:
config.c:295:2: warning: implicit declaration of function ‘malloc’ [-Wimplicit-function-declaration]
config.c:295:8: warning: incompatible implicit declaration of built-in function ‘malloc’ [enabled by default]
config.c:300:2: warning: implicit declaration of function ‘memset’ [-Wimplicit-function-declaration]
config.c:300:2: warning: incompatible implicit declaration of built-in function ‘memset’ [enabled by default]
config.c:301:19: error: ‘size_t’ undeclared (first use in this function)
config.c:301:19: error: expected expression before ‘const’
config.c:301:19: error: expected expression before ‘const’
config.c:301:19: warning: implicit declaration of function ‘calloc’ [-Wimplicit-function-declaration]
config.c:301:19: warning: incompatible implicit declaration of built-in function ‘calloc’ [enabled by default]
config.c:301:19: error: expected ‘)’ before numeric constant
config.c:301:19: error: too few arguments to function ‘calloc’
config.c:301:19: error: expected ‘;’ before ‘__len’
config.c:301:19: error: ‘__len’ undeclared (first use in this function)
config.c:301:19: warning: implicit declaration of function ‘memcpy’ [-Wimplicit-function-declaration]
config.c:301:19: warning: incompatible implicit declaration of built-in function ‘memcpy’ [enabled by default]
config.c: In function ‘config_load’:
config.c:339:9: error: unknown type name ‘FILE’
config.c:347:9: warning: implicit declaration of function ‘fopen’ [-Wimplicit-function-declaration]
config.c:347:12: warning: assignment makes pointer from integer without a cast [enabled by default]
config.c:349:3: warning: incompatible implicit declaration of built-in function ‘fprintf’ [enabled by default]
config.c:349:11: error: ‘stderr’ undeclared (first use in this function)
config.c:353:2: warning: implicit declaration of function ‘config_parse’ [-Wimplicit-function-declaration]
config.c:354:3: warning: incompatible implicit declaration of built-in function ‘fprintf’ [enabled by default]
config.c:360:3: warning: implicit declaration of function ‘fclose’ [-Wimplicit-function-declaration]
config.c: At top level:
config.c:373:5: error: unknown type name ‘size_t’
config.c: In function ‘config_get_int8’:
config.c:450:2: warning: implicit declaration of function ‘string_to_i8’ [-Wimplicit-function-declaration]
config.c:451:3: warning: incompatible implicit declaration of built-in function ‘fprintf’ [enabled by default]
config.c:451:11: error: ‘stderr’ undeclared (first use in this function)
config.c:456:3: warning: incompatible implicit declaration of built-in function ‘fprintf’ [enabled by default]
config.c: In function ‘config_get_uint8’:
config.c:497:2: warning: implicit declaration of function ‘string_to_ui8’ [-Wimplicit-function-declaration]
config.c:498:3: warning: incompatible implicit declaration of built-in function ‘fprintf’ [enabled by default]
config.c:498:11: error: ‘stderr’ undeclared (first use in this function)
config.c:503:3: warning: incompatible implicit declaration of built-in function ‘fprintf’ [enabled by default]
config.c: In function ‘config_get_int16’:
config.c:544:2: warning: implicit declaration of function ‘string_to_i16’ [-Wimplicit-function-declaration]
config.c:545:3: warning: incompatible implicit declaration of built-in function ‘fprintf’ [enabled by default]
config.c:545:11: error: ‘stderr’ undeclared (first use in this function)
config.c:550:3: warning: incompatible implicit declaration of built-in function ‘fprintf’ [enabled by default]
config.c: In function ‘config_get_uint16’:
config.c:591:2: warning: implicit declaration of function ‘string_to_ui16’ [-Wimplicit-function-declaration]
config.c:592:3: warning: incompatible implicit declaration of built-in function ‘fprintf’ [enabled by default]
config.c:592:11: error: ‘stderr’ undeclared (first use in this function)
config.c:597:3: warning: incompatible implicit declaration of built-in function ‘fprintf’ [enabled by default]
config.c: In function ‘config_get_int32’:
config.c:638:2: warning: implicit declaration of function ‘string_to_i32’ [-Wimplicit-function-declaration]
config.c:639:3: warning: incompatible implicit declaration of built-in function ‘fprintf’ [enabled by default]
config.c:639:11: error: ‘stderr’ undeclared (first use in this function)
config.c:644:3: warning: incompatible implicit declaration of built-in function ‘fprintf’ [enabled by default]
config.c: In function ‘config_get_uint32’:
config.c:685:2: warning: implicit declaration of function ‘string_to_ui32’ [-Wimplicit-function-declaration]
config.c:686:3: warning: incompatible implicit declaration of built-in function ‘fprintf’ [enabled by default]
config.c:686:11: error: ‘stderr’ undeclared (first use in this function)
config.c:691:3: warning: incompatible implicit declaration of built-in function ‘fprintf’ [enabled by default]
config.c: At top level:
config.c:704:5: error: unknown type name ‘size_t’
config.c:749:5: error: unknown type name ‘size_t’
make: *** [all] エラー 1
